2025-12-26 16:08:43.163 | INFO     | config.logging_config:setup_logging:25 - Logging setup complete.
2025-12-26 16:08:43.165 | INFO     | __main__:main:20 - Starting ETL Pipeline in 'full' mode...
2025-12-26 16:08:43.166 | INFO     | __main__:main:30 - >>> Step 1: Data Ingestion
2025-12-26 16:08:43.166 | INFO     | src.ingestion.csv_loader:load_and_convert:44 - CSV version already exists at C:\Users\MSI\Desktop\FinanceETLHub\data\raw\online_retail.csv. Loading...
2025-12-26 16:08:43.714 | INFO     | src.ingestion.csv_loader:get_data:56 - Loaded dataset with 541909 rows.
2025-12-26 16:08:43.715 | INFO     | src.ingestion.fx_api:get_rates:32 - Fetching FX rates from API for GBP...
2025-12-26 16:08:44.647 | INFO     | src.ingestion.fx_api:get_rates:43 - Successfully fetched and cached rates: {'USD': 1.351, 'EUR': 1.1467, 'MAD': 12.3179, 'GBP': 1.0}
2025-12-26 16:08:44.649 | INFO     | __main__:main:43 - >>> Step 2: Data Transformation
2025-12-26 16:08:45.644 | INFO     | src.transformation.cleaner:clean:43 - Cleaning complete. Rows: 541909 -> 392692 (Dropped 149217)
2025-12-26 16:08:45.818 | INFO     | src.transformation.currency:transform:27 - Currency transformation applied for: ['USD', 'EUR', 'MAD', 'GBP']
2025-12-26 16:08:46.416 | INFO     | src.transformation.rfm:generate_segments:83 - RFM Segmentation complete.
2025-12-26 16:08:46.471 | INFO     | src.transformation.fraud:detect:16 - Starting Advanced Fraud Detection Analysis...
2025-12-26 16:08:46.833 | INFO     | src.transformation.fraud:detect:45 - Fraud Analysis Complete: Flagged 24645 suspicious transactions.
2025-12-26 16:08:46.834 | INFO     | src.transformation.fraud:detect:46 -  - Value Outliers (> 64.35 GBP): 20852
2025-12-26 16:08:46.834 | INFO     | src.transformation.fraud:detect:47 -  - Price Anomalies: 3241
2025-12-26 16:08:46.835 | INFO     | src.transformation.fraud:detect:48 -  - High Velocity Invoices: 675
2025-12-26 16:08:46.836 | INFO     | src.quality.checks:run_checks:13 - Running Advanced Data Quality Suite...
2025-12-26 16:08:46.933 | WARNING  | src.quality.checks:run_checks:30 - DQ Warning: Found 4851 duplicate product entries within invoices. This might be normal but warrants review.
2025-12-26 16:08:46.937 | INFO     | src.quality.checks:run_checks:55 - ✅ All critical Data Quality Checks Passed.
2025-12-26 16:08:46.937 | INFO     | __main__:main:76 - >>> Step 3: Data Warehouse Loading
2025-12-26 16:08:46.992 | INFO     | src.warehouse.loader:init_db:16 - Initializing Data Warehouse Schema...
2025-12-26 16:08:47.028 | INFO     | src.warehouse.loader:load_dimensions:27 - Loading DimProduct...
2025-12-26 16:08:47.090 | INFO     | src.warehouse.loader:load_dimensions:47 - Loading DimCustomer with RFM segments...
2025-12-26 16:08:47.203 | INFO     | src.warehouse.loader:load_facts:89 - Loading FactSales...
2025-12-26 16:09:17.956 | INFO     | src.warehouse.loader:load_facts:109 - Loaded 392692 sales records.
2025-12-26 16:09:18.014 | SUCCESS  | __main__:main:86 - ETL Pipeline Completed Successfully!
