2025-12-26 16:41:08.807 | INFO     | config.logging_config:setup_logging:25 - Logging setup complete.
2025-12-26 16:41:08.809 | INFO     | __main__:main:28 - Starting ETL Pipeline in 'predict' mode...
2025-12-26 16:41:08.810 | INFO     | src.ingestion.csv_loader:load_and_convert:44 - CSV version already exists at C:\Users\MSI\Desktop\FinanceETLHub\data\raw\online_retail.csv. Loading...
2025-12-26 16:41:09.370 | INFO     | src.ingestion.csv_loader:get_data:56 - Loaded dataset with 541909 rows.
2025-12-26 16:41:09.371 | INFO     | src.ingestion.fx_api:get_rates:23 - Using cached FX rates.
2025-12-26 16:41:10.298 | INFO     | src.transformation.cleaner:clean:43 - Cleaning complete. Rows: 541909 -> 392692 (Dropped 149217)
2025-12-26 16:41:10.475 | INFO     | src.transformation.currency:transform:27 - Currency transformation applied for: ['USD', 'EUR', 'MAD', 'GBP']
2025-12-26 16:41:10.967 | INFO     | src.transformation.rfm:generate_segments:83 - RFM Segmentation complete.
2025-12-26 16:41:11.021 | INFO     | src.transformation.fraud:detect:16 - Starting Advanced Fraud Detection Analysis...
2025-12-26 16:41:11.323 | INFO     | src.transformation.fraud:detect:45 - Fraud Analysis Complete: Flagged 24645 suspicious transactions.
2025-12-26 16:41:11.324 | INFO     | src.transformation.fraud:detect:46 -  - Value Outliers (> 64.35 GBP): 20852
2025-12-26 16:41:11.325 | INFO     | src.transformation.fraud:detect:47 -  - Price Anomalies: 3241
2025-12-26 16:41:11.325 | INFO     | src.transformation.fraud:detect:48 -  - High Velocity Invoices: 675
2025-12-26 16:41:11.327 | INFO     | src.quality.checks:run_checks:13 - Running Advanced Data Quality Suite...
2025-12-26 16:41:11.433 | WARNING  | src.quality.checks:run_checks:30 - DQ Warning: Found 4851 duplicate product entries within invoices. This might be normal but warrants review.
2025-12-26 16:41:11.437 | INFO     | src.quality.checks:run_checks:55 - ✅ All critical Data Quality Checks Passed.
2025-12-26 16:41:11.539 | INFO     | __main__:main:83 - >>> Step 4: AI Predictive Analytics
2025-12-26 16:41:11.540 | INFO     | src.analytics.predictive:forecast_revenue:15 - Generating AI revenue forecast for the next 30 days...
2025-12-26 16:41:11.672 | SUCCESS  | src.analytics.predictive:forecast_revenue:42 - Sales forecast generated successfully.
2025-12-26 16:41:11.672 | INFO     | src.analytics.predictive:identify_high_risk_customers:51 - Analyzing customer churn risk...
2025-12-26 16:41:11.679 | INFO     | src.analytics.predictive:identify_high_risk_customers:64 - Identified 903 customers at high risk of churn.
2025-12-26 16:41:11.701 | SUCCESS  | __main__:main:98 - Predictive insights saved to data/processed/
