2025-12-26 16:31:54.254 | INFO     | config.logging_config:setup_logging:25 - Logging setup complete.
2025-12-26 16:31:54.255 | INFO     | __main__:main:26 - Starting ETL Pipeline in 'full' mode...
2025-12-26 16:31:54.255 | INFO     | __main__:main:33 - >>> Step 1: Data Ingestion
2025-12-26 16:31:54.256 | INFO     | src.ingestion.csv_loader:load_and_convert:44 - CSV version already exists at C:\Users\MSI\Desktop\FinanceETLHub\data\raw\online_retail.csv. Loading...
2025-12-26 16:31:54.769 | INFO     | src.ingestion.csv_loader:get_data:56 - Loaded dataset with 541909 rows.
2025-12-26 16:31:54.770 | INFO     | src.ingestion.fx_api:get_rates:23 - Using cached FX rates.
2025-12-26 16:31:55.686 | INFO     | src.transformation.cleaner:clean:43 - Cleaning complete. Rows: 541909 -> 392692 (Dropped 149217)
2025-12-26 16:31:55.909 | INFO     | src.transformation.currency:transform:27 - Currency transformation applied for: ['USD', 'EUR', 'MAD', 'GBP']
2025-12-26 16:31:56.401 | INFO     | src.transformation.rfm:generate_segments:83 - RFM Segmentation complete.
2025-12-26 16:31:56.450 | INFO     | src.transformation.fraud:detect:16 - Starting Advanced Fraud Detection Analysis...
2025-12-26 16:31:56.734 | INFO     | src.transformation.fraud:detect:45 - Fraud Analysis Complete: Flagged 24645 suspicious transactions.
2025-12-26 16:31:56.735 | INFO     | src.transformation.fraud:detect:46 -  - Value Outliers (> 64.35 GBP): 20852
2025-12-26 16:31:56.735 | INFO     | src.transformation.fraud:detect:47 -  - Price Anomalies: 3241
2025-12-26 16:31:56.737 | INFO     | src.transformation.fraud:detect:48 -  - High Velocity Invoices: 675
2025-12-26 16:31:56.737 | INFO     | src.quality.checks:run_checks:13 - Running Advanced Data Quality Suite...
2025-12-26 16:31:56.830 | WARNING  | src.quality.checks:run_checks:30 - DQ Warning: Found 4851 duplicate product entries within invoices. This might be normal but warrants review.
2025-12-26 16:31:56.833 | INFO     | src.quality.checks:run_checks:55 - ✅ All critical Data Quality Checks Passed.
2025-12-26 16:31:56.833 | INFO     | __main__:process_data:96 - >>> Loading to Data Warehouse
2025-12-26 16:31:56.876 | INFO     | src.warehouse.loader:init_db:17 - Initializing Data Warehouse Schema...
2025-12-26 16:31:56.960 | INFO     | src.warehouse.loader:_load_dates:71 - Populating Date Dimension...
2025-12-26 16:31:57.020 | INFO     | src.warehouse.loader:_load_dates:94 - Inserted 374 days into dim_date.
2025-12-26 16:31:57.021 | INFO     | src.warehouse.loader:load_dimensions:30 - Syncing DimProduct...
2025-12-26 16:31:57.326 | INFO     | src.warehouse.loader:load_dimensions:40 - Inserted 3665 new products.
2025-12-26 16:31:57.327 | INFO     | src.warehouse.loader:load_dimensions:44 - Syncing DimCustomer with RFM profiles...
2025-12-26 16:31:57.802 | INFO     | src.warehouse.loader:load_dimensions:59 - Refreshed 4338 customer profiles.
2025-12-26 16:31:57.804 | INFO     | src.warehouse.loader:load_facts:98 - Loading FactSales...
2025-12-26 16:32:21.705 | INFO     | src.warehouse.loader:load_facts:118 - Loaded 392692 sales records.
2025-12-26 16:32:21.760 | SUCCESS  | __main__:process_data:103 - Batch Processing Successful!
